This is pdfTeX, Version 3.14159265-2.6-1.40.18 (TeX Live 2017/MacPorts 2017_3) (preloaded format=pdflatex 2018.5.11)  14 NOV 2018 16:23
entering extended mode
 restricted \write18 enabled.
 %&-line parsing enabled.
**buildNewSystem.tex
(./buildNewSystem.tex
LaTeX2e <2017-04-15>
Babel <3.10> and hyphenation patterns for 3 language(s) loaded.
(/opt/local/share/texmf-texlive/tex/latex/base/article.cls
Document Class: article 2014/09/29 v1.4h Standard LaTeX document class
(/opt/local/share/texmf-texlive/tex/latex/base/size12.clo
File: size12.clo 2014/09/29 v1.4h Standard LaTeX file (size option)
)
\c@part=\count79
\c@section=\count80
\c@subsection=\count81
\c@subsubsection=\count82
\c@paragraph=\count83
\c@subparagraph=\count84
\c@figure=\count85
\c@table=\count86
\abovecaptionskip=\skip41
\belowcaptionskip=\skip42
\bibindent=\dimen102
)
(/usr/local/texlive/texmf-local/tex/latex/preambles/defaultPream.tex)
(/opt/local/share/texmf-texlive/tex/latex/hyperref/hyperref.sty
Package: hyperref 2017/03/14 v6.85a Hypertext links for LaTeX

(/opt/local/share/texmf-texlive/tex/generic/oberdiek/hobsub-hyperref.sty
Package: hobsub-hyperref 2016/05/16 v1.14 Bundle oberdiek, subset hyperref (HO)


(/opt/local/share/texmf-texlive/tex/generic/oberdiek/hobsub-generic.sty
Package: hobsub-generic 2016/05/16 v1.14 Bundle oberdiek, subset generic (HO)
Package: hobsub 2016/05/16 v1.14 Construct package bundles (HO)
Package: infwarerr 2016/05/16 v1.4 Providing info/warning/error messages (HO)
Package: ltxcmds 2016/05/16 v1.23 LaTeX kernel commands for general use (HO)
Package: ifluatex 2016/05/16 v1.4 Provides the ifluatex switch (HO)
Package ifluatex Info: LuaTeX not detected.
Package: ifvtex 2016/05/16 v1.6 Detect VTeX and its facilities (HO)
Package ifvtex Info: VTeX not detected.
Package: intcalc 2016/05/16 v1.2 Expandable calculations with integers (HO)
Package: ifpdf 2017/03/15 v3.2 Provides the ifpdf switch
Package: etexcmds 2016/05/16 v1.6 Avoid name clashes with e-TeX commands (HO)
Package etexcmds Info: Could not find \expanded.
(etexcmds)             That can mean that you are not using pdfTeX 1.50 or
(etexcmds)             that some package has redefined \expanded.
(etexcmds)             In the latter case, load this package earlier.
Package: kvsetkeys 2016/05/16 v1.17 Key value parser (HO)
Package: kvdefinekeys 2016/05/16 v1.4 Define keys (HO)
Package: pdftexcmds 2017/03/19 v0.25 Utility functions of pdfTeX for LuaTeX (HO
)
Package pdftexcmds Info: LuaTeX not detected.
Package pdftexcmds Info: \pdf@primitive is available.
Package pdftexcmds Info: \pdf@ifprimitive is available.
Package pdftexcmds Info: \pdfdraftmode found.
Package: pdfescape 2016/05/16 v1.14 Implements pdfTeX's escape features (HO)
Package: bigintcalc 2016/05/16 v1.4 Expandable calculations on big integers (HO
)
Package: bitset 2016/05/16 v1.2 Handle bit-vector datatype (HO)
Package: uniquecounter 2016/05/16 v1.3 Provide unlimited unique counter (HO)
)
Package hobsub Info: Skipping package `hobsub' (already loaded).
Package: letltxmacro 2016/05/16 v1.5 Let assignment for LaTeX macros (HO)
Package: hopatch 2016/05/16 v1.3 Wrapper for package hooks (HO)
Package: xcolor-patch 2016/05/16 xcolor patch
Package: atveryend 2016/05/16 v1.9 Hooks at the very end of document (HO)
Package atveryend Info: \enddocument detected (standard20110627).
Package: atbegshi 2016/06/09 v1.18 At begin shipout hook (HO)
Package: refcount 2016/05/16 v3.5 Data extraction from label references (HO)
Package: hycolor 2016/05/16 v1.8 Color options for hyperref/bookmark (HO)
)
(/opt/local/share/texmf-texlive/tex/latex/graphics/keyval.sty
Package: keyval 2014/10/28 v1.15 key=value parser (DPC)
\KV@toks@=\toks14
)
(/opt/local/share/texmf-texlive/tex/generic/ifxetex/ifxetex.sty
Package: ifxetex 2010/09/12 v0.6 Provides ifxetex conditional
)
(/opt/local/share/texmf-texlive/tex/latex/oberdiek/auxhook.sty
Package: auxhook 2016/05/16 v1.4 Hooks for auxiliary files (HO)
)
(/opt/local/share/texmf-texlive/tex/latex/oberdiek/kvoptions.sty
Package: kvoptions 2016/05/16 v3.12 Key value format for package options (HO)
)
\@linkdim=\dimen103
\Hy@linkcounter=\count87
\Hy@pagecounter=\count88

(/opt/local/share/texmf-texlive/tex/latex/hyperref/pd1enc.def
File: pd1enc.def 2017/03/14 v6.85a Hyperref: PDFDocEncoding definition (HO)
)
\Hy@SavedSpaceFactor=\count89

(/opt/local/share/texmf-texlive/tex/latex/latexconfig/hyperref.cfg
File: hyperref.cfg 2002/06/06 v1.2 hyperref configuration of TeXLive
)
Package hyperref Info: Hyper figures OFF on input line 4498.
Package hyperref Info: Link nesting OFF on input line 4503.
Package hyperref Info: Hyper index ON on input line 4506.
Package hyperref Info: Plain pages OFF on input line 4513.
Package hyperref Info: Backreferencing OFF on input line 4518.
Package hyperref Info: Implicit mode ON; LaTeX internals redefined.
Package hyperref Info: Bookmarks ON on input line 4751.
\c@Hy@tempcnt=\count90

(/opt/local/share/texmf-texlive/tex/latex/url/url.sty
\Urlmuskip=\muskip10
Package: url 2013/09/16  ver 3.4  Verb mode for urls, etc.
)
LaTeX Info: Redefining \url on input line 5104.
\XeTeXLinkMargin=\dimen104
\Fld@menulength=\count91
\Field@Width=\dimen105
\Fld@charsize=\dimen106
Package hyperref Info: Hyper figures OFF on input line 6358.
Package hyperref Info: Link nesting OFF on input line 6363.
Package hyperref Info: Hyper index ON on input line 6366.
Package hyperref Info: backreferencing OFF on input line 6373.
Package hyperref Info: Link coloring OFF on input line 6378.
Package hyperref Info: Link coloring with OCG OFF on input line 6383.
Package hyperref Info: PDF/A mode OFF on input line 6388.
LaTeX Info: Redefining \ref on input line 6428.
LaTeX Info: Redefining \pageref on input line 6432.
\Hy@abspage=\count92
\c@Item=\count93
\c@Hfootnote=\count94
)

Package hyperref Message: Driver (autodetected): hpdftex.

(/opt/local/share/texmf-texlive/tex/latex/hyperref/hpdftex.def
File: hpdftex.def 2017/03/14 v6.85a Hyperref driver for pdfTeX
\Fld@listcount=\count95
\c@bookmark@seq@number=\count96

(/opt/local/share/texmf-texlive/tex/latex/oberdiek/rerunfilecheck.sty
Package: rerunfilecheck 2016/05/16 v1.8 Rerun checks for auxiliary files (HO)
Package uniquecounter Info: New unique counter `rerunfilecheck' on input line 2
82.
)
\Hy@SectionHShift=\skip43
)
(./buildNewSystem.aux)
\openout1 = `buildNewSystem.aux'.

LaTeX Font Info:    Checking defaults for OML/cmm/m/it on input line 5.
LaTeX Font Info:    ... okay on input line 5.
LaTeX Font Info:    Checking defaults for T1/cmr/m/n on input line 5.
LaTeX Font Info:    ... okay on input line 5.
LaTeX Font Info:    Checking defaults for OT1/cmr/m/n on input line 5.
LaTeX Font Info:    ... okay on input line 5.
LaTeX Font Info:    Checking defaults for OMS/cmsy/m/n on input line 5.
LaTeX Font Info:    ... okay on input line 5.
LaTeX Font Info:    Checking defaults for OMX/cmex/m/n on input line 5.
LaTeX Font Info:    ... okay on input line 5.
LaTeX Font Info:    Checking defaults for U/cmr/m/n on input line 5.
LaTeX Font Info:    ... okay on input line 5.
LaTeX Font Info:    Checking defaults for PD1/pdf/m/n on input line 5.
LaTeX Font Info:    ... okay on input line 5.
\AtBeginShipoutBox=\box26
Package hyperref Info: Link coloring OFF on input line 5.

(/opt/local/share/texmf-texlive/tex/latex/hyperref/nameref.sty
Package: nameref 2016/05/21 v2.44 Cross-referencing by name of section

(/opt/local/share/texmf-texlive/tex/generic/oberdiek/gettitlestring.sty
Package: gettitlestring 2016/05/16 v1.5 Cleanup title references (HO)
)
\c@section@level=\count97
)
LaTeX Info: Redefining \ref on input line 5.
LaTeX Info: Redefining \pageref on input line 5.
LaTeX Info: Redefining \nameref on input line 5.

(./buildNewSystem.out) (./buildNewSystem.out)
\@outlinefile=\write3
\openout3 = `buildNewSystem.out'.


Overfull \hbox (77.3116pt too wide) in paragraph at lines 28--33
\OT1/cmr/m/n/12 SCRIBE pre-in-stalled and ready to go! It's at \OT1/cmtt/m/n/12
 /nas1/cmsgem/software/srs[]centos7[]2.vdi\OT1/cmr/m/n/12 .
 []

LaTeX Font Info:    Try loading font information for OMS+cmr on input line 39.
(/opt/local/share/texmf-texlive/tex/latex/base/omscmr.fd
File: omscmr.fd 2014/09/29 v2.5h Standard LaTeX font definitions
)
LaTeX Font Info:    Font shape `OMS/cmr/m/n' in size <12> not available
(Font)              Font shape `OMS/cmsy/m/n' tried instead on input line 39.

Overfull \hbox (77.79991pt too wide) in paragraph at lines 40--42
[]\OT1/cmtt/m/n/12 wget http://download.virtualbox.org/virtualbox/rpm/rhel/virt
ualbox.repo 
 []


Overfull \hbox (25.76837pt too wide) in paragraph at lines 46--52
\OT1/cmr/m/n/12 needs to be con-verted into a \OT1/cmtt/m/n/12 vmdk\OT1/cmr/m/n
/12 , \OT1/cmtt/m/n/12 VBoxManage clonemedium srs[]centos7[]2.vdi
 []


Overfull \hbox (5.62302pt too wide) in paragraph at lines 46--52
\OT1/cmtt/m/n/12 srs[]centos7[]2.vmdk --format VMDK\OT1/cmr/m/n/12 . Then, to a
 raw file, \OT1/cmtt/m/n/12 gemu-img convert
 []


Overfull \hbox (5.09877pt too wide) in paragraph at lines 53--62
\OT1/cmr/m/n/12 than once. The tool \OT1/cmtt/m/n/12 kpartx \OT1/cmr/m/n/12 nee
ds to be in-stalled, \OT1/cmtt/m/n/12 sudo yum install kpartx\OT1/cmr/m/n/12 ,
 []


Overfull \hbox (16.91954pt too wide) in paragraph at lines 53--62
\OT1/cmr/m/n/12 and used to add map-pings to the im-age's par-ti-tions, \OT1/cm
tt/m/n/12 sudo kpartx -a $loopdev\OT1/cmr/m/n/12 .
 []


Overfull \hbox (42.46457pt too wide) in paragraph at lines 53--62
\OT1/cmtt/m/n/12 srs[]centos7[]2.mount\OT1/cmr/m/n/12 , and mount the im-age \O
T1/cmtt/m/n/12 sudo mount /dev/mapper/$(basename
 []

[1

{/opt/local/var/db/texmf/fonts/map/pdftex/updmap/pdftex.map}]
LaTeX Font Info:    External font `cmex10' loaded for size
(Font)              <12> on input line 74.
LaTeX Font Info:    External font `cmex10' loaded for size
(Font)              <8> on input line 74.
LaTeX Font Info:    External font `cmex10' loaded for size
(Font)              <6> on input line 74.

Overfull \hbox (11.67386pt too wide) in paragraph at lines 73--80
\OT1/cmtt/m/n/12 / / linux . web . cern . ch / linux / centos7 / docs / install
 . shtml$[]\OT1/cmr/m/n/12 . The first thing
 []

[2]
Overfull \hbox (13.57314pt too wide) in paragraph at lines 111--140
\OT1/cmr/m/n/12 repos-i-to-ries, \OT1/cmtt/m/n/12 yum-alice-daq.cc7[]64.repo \O
T1/cmr/m/n/12 and \OT1/cmtt/m/n/12 yum-alice-daq.slc6[]64.repo\OT1/cmr/m/n/12 .

 []


Overfull \hbox (89.92123pt too wide) in paragraph at lines 111--140
\OT1/cmtt/m/n/12 baseurl=https://yum:daqsoftrpm@alice-daq-yum.web.cern.ch/alice
-daq-yum/cc7[]64/ 
 []


Overfull \hbox (96.09624pt too wide) in paragraph at lines 111--140
\OT1/cmtt/m/n/12 baseurl=https://yum:daqsoftrpm@alice-daq-yum.web.cern.ch/alice
-daq-yum/slc6[]64/ 
 []


Underfull \hbox (badness 10000) in paragraph at lines 111--140

 []

[3]
Overfull \hbox (54.60022pt too wide) in paragraph at lines 156--165
\OT1/cmtt/m/n/12 BWidget MySQL-shared MySQL-client MySQL-devel dim smi tcl-deve
l tk-devel
 []


Overfull \hbox (5.2002pt too wide) in paragraph at lines 156--165
\OT1/cmtt/m/n/12 curl-devel libxml2-devel pciutils-devel mysqltcl xinetd ksh tc
sh
 []


Overfull \hbox (36.13733pt too wide) in paragraph at lines 156--165
\OT1/cmr/m/n/12 but we can just erase this pack-age, since we don't need it, \O
T1/cmtt/m/n/12 yum erase mariadb-libs\OT1/cmr/m/n/12 . 
 []

[4]
Overfull \hbox (0.34758pt too wide) in paragraph at lines 202--208
\OT1/cmr/m/n/12 stalled, \OT1/cmtt/m/n/12 yum install iptables-services\OT1/cmr
/m/n/12 , and en-abled, \OT1/cmtt/m/n/12 systemctl enable
 []


Overfull \hbox (16.4707pt too wide) in paragraph at lines 202--208
\OT1/cmtt/m/n/12 iptables \OT1/cmr/m/n/12 fol-lowed by \OT1/cmtt/m/n/12 systemc
tl start iptables\OT1/cmr/m/n/12 . Run-ning \OT1/cmtt/m/n/12 dateLocalConfig
 []


Overfull \hbox (0.13495pt too wide) in paragraph at lines 209--215
[] \OT1/cmr/m/n/12 Next, the DIM (Dis-tributed In-for-ma-tion Man-age-ment) nam
e server must
 []


Underfull \hbox (badness 10000) in paragraph at lines 216--221

 []


Underfull \hbox (badness 10000) in paragraph at lines 222--228

 []

[5]
Overfull \hbox (4.99484pt too wide) in paragraph at lines 229--240
[] \OT1/cmr/m/n/12 Now, it's time to in-stall AMORE as root (\OT1/cmtt/m/n/12 s
udo su\OT1/cmr/m/n/12 ), \OT1/cmtt/m/n/12 yum install amore\OT1/cmr/m/n/12 .
 []


Overfull \hbox (34.31061pt too wide) in paragraph at lines 241--245
[] \OT1/cmr/m/n/12 The next step is to set up the MySQL database for AMORE, \OT
1/cmtt/m/n/12 amoreMysqlSetup\OT1/cmr/m/n/12 .
 []


Overfull \hbox (44.2896pt too wide) in paragraph at lines 256--267
\OT1/cmr/m/n/12 the file ex-ists: \OT1/cmtt/m/n/12 /usr/lib64/root/libCore.so\O
T1/cmr/m/n/12 , \OT1/cmtt/m/n/12 /usr/lib64/root/libCore.so.6.14\OT1/cmr/m/n/12
 ,
 []


Overfull \hbox (5.59923pt too wide) in paragraph at lines 256--267
\OT1/cmr/m/n/12 does con-tain the ap-pro-pri-ate paths of \OT1/cmtt/m/n/12 /opt
/amore/lib \OT1/cmr/m/n/12 and \OT1/cmtt/m/n/12 /usr/lib64/root\OT1/cmr/m/n/12 
.
 []


Overfull \hbox (8.09348pt too wide) in paragraph at lines 268--276
\OT1/cmr/m/n/12 us-ing the SLC6 repo, \OT1/cmtt/m/n/12 yum --disablerepo=* --en
ablerepo=alice-daq-slc6
 []

[6]
Overfull \hbox (95.16994pt too wide) in paragraph at lines 284--287
\OT1/cmr/m/n/12 ment vari-able by adding the fol-low-ing to the  \OT1/cmtt/m/n/
12 /.bashrc\OT1/cmr/m/n/12 , \OT1/cmtt/m/n/12 export PATH=$PATH:/opt/amore/bin\
OT1/cmr/m/n/12 .
 []

Package atveryend Info: Empty hook `BeforeClearDocument' on input line 307.
[7]
Package atveryend Info: Empty hook `AfterLastShipout' on input line 307.
 (./buildNewSystem.aux)
Package atveryend Info: Executing hook `AtVeryEndDocument' on input line 307.
Package atveryend Info: Executing hook `AtEndAfterFileList' on input line 307.
Package rerunfilecheck Info: File `buildNewSystem.out' has not changed.
(rerunfilecheck)             Checksum: 4FB75491115F67E9EF73F05B2E6ABB32;181.
Package atveryend Info: Empty hook `AtVeryVeryEnd' on input line 307.
 ) 
Here is how much of TeX's memory you used:
 4276 strings out of 494936
 64470 string characters out of 6180785
 141192 words of memory out of 5000000
 7584 multiletter control sequences out of 15000+600000
 7756 words of font info for 28 fonts, out of 8000000 for 9000
 14 hyphenation exceptions out of 8191
 28i,5n,28p,177b,315s stack positions out of 5000i,500n,10000p,200000b,80000s
</opt/local/share/texmf-texlive/fonts/type1/public/amsfonts/cm/cmbx12.pfb></o
pt/local/share/texmf-texlive/fonts/type1/public/amsfonts/cm/cmr12.pfb></opt/loc
al/share/texmf-texlive/fonts/type1/public/amsfonts/cm/cmsy10.pfb></opt/local/sh
are/texmf-texlive/fonts/type1/public/amsfonts/cm/cmtt12.pfb>
Output written on buildNewSystem.pdf (7 pages, 71503 bytes).
PDF statistics:
 77 PDF objects out of 1000 (max. 8388607)
 63 compressed objects within 1 object stream
 11 named destinations out of 1000 (max. 500000)
 25 words of extra memory for PDF output out of 10000 (max. 10000000)

